ansible-playbook 2.9.16
  config file = /Projects/ansible-cfme-test/ansible.cfg
  configured module search path = ['/home/dluong/.ansible/plugins/modules', '/usr/share/ansible/plugins/modules']
  ansible python module location = /usr/lib/python3.8/site-packages/ansible
  executable location = /usr/bin/ansible-playbook
  python version = 3.8.7 (default, Dec 22 2020, 00:00:00) [GCC 10.2.1 20201125 (Red Hat 10.2.1-9)]
Using /Projects/ansible-cfme-test/ansible.cfg as config file
setting up inventory plugins
Parsed tower-cfme.usersys.redhat.com, inventory source with host_list plugin
Loading callback plugin default of type stdout, v2.0 from /usr/lib/python3.8/site-packages/ansible/plugins/callback/default.py
Skipping callback 'actionable', as we already have a stdout callback.
Skipping callback 'counter_enabled', as we already have a stdout callback.
Skipping callback 'debug', as we already have a stdout callback.
Skipping callback 'dense', as we already have a stdout callback.
Skipping callback 'dense', as we already have a stdout callback.
Skipping callback 'full_skip', as we already have a stdout callback.
Skipping callback 'json', as we already have a stdout callback.
Skipping callback 'minimal', as we already have a stdout callback.
Skipping callback 'null', as we already have a stdout callback.
Skipping callback 'oneline', as we already have a stdout callback.
Skipping callback 'selective', as we already have a stdout callback.
Skipping callback 'skippy', as we already have a stdout callback.
Skipping callback 'stderr', as we already have a stdout callback.
Skipping callback 'unixy', as we already have a stdout callback.
Skipping callback 'yaml', as we already have a stdout callback.

PLAYBOOK: pipelining.yaml *********************************************************************************************************************************************************************************************************************
Positional arguments: pipelining.yaml
verbosity: 4
connection: smart
timeout: 10
become_method: sudo
tags: ('all',)
inventory: ('tower-cfme.usersys.redhat.com,',)
extra_vars: ('ansible_password=redhat',)
forks: 5
1 plays in pipelining.yaml

PLAY [tower-cfme.usersys.redhat.com] **********************************************************************************************************************************************************************************************************

TASK [Gathering Facts] ************************************************************************************************************************************************************************************************************************
task path: /Projects/ansible-cfme-test/pipelining.yaml:2
<tower-cfme.usersys.redhat.com> Attempting python interpreter discovery
<tower-cfme.usersys.redhat.com> ESTABLISH SSH CONNECTION FOR USER: ansible
<tower-cfme.usersys.redhat.com> SSH: EXEC sshpass -d10 ssh -vvv -C -o ControlMaster=auto -o ControlPersist=60s -o 'User="ansible"' -o ConnectTimeout=10 -o ControlPath=/home/dluong/.ansible/cp/08ef3522c5 tower-cfme.usersys.redhat.com '/bin/sh -c '"'"'echo PLATFORM; uname; echo FOUND; command -v '"'"'"'"'"'"'"'"'/usr/bin/python'"'"'"'"'"'"'"'"'; command -v '"'"'"'"'"'"'"'"'python3.7'"'"'"'"'"'"'"'"'; command -v '"'"'"'"'"'"'"'"'python3.6'"'"'"'"'"'"'"'"'; command -v '"'"'"'"'"'"'"'"'python3.5'"'"'"'"'"'"'"'"'; command -v '"'"'"'"'"'"'"'"'python2.7'"'"'"'"'"'"'"'"'; command -v '"'"'"'"'"'"'"'"'python2.6'"'"'"'"'"'"'"'"'; command -v '"'"'"'"'"'"'"'"'/usr/libexec/platform-python'"'"'"'"'"'"'"'"'; command -v '"'"'"'"'"'"'"'"'/usr/bin/python3'"'"'"'"'"'"'"'"'; command -v '"'"'"'"'"'"'"'"'python'"'"'"'"'"'"'"'"'; echo ENDFOUND && sleep 0'"'"''
<tower-cfme.usersys.redhat.com> (0, b'PLATFORM\nLinux\nFOUND\n/usr/bin/python\n/usr/bin/python3.6\n/usr/bin/python2.7\n/usr/libexec/platform-python\n/usr/bin/python3\n/usr/bin/python\nENDFOUND\n', b"OpenSSH_8.3p1, OpenSSL 1.1.1i FIPS  8 Dec 2020\r\ndebug1: Reading configuration data /home/dluong/.ssh/config\r\ndebug1: /home/dluong/.ssh/config line 1: Applying options for *\r\ndebug1: Reading configuration data /etc/ssh/ssh_config\r\ndebug3: /etc/ssh/ssh_config line 54: Including file /etc/ssh/ssh_config.d/50-redhat.conf depth 0\r\ndebug1: Reading configuration data /etc/ssh/ssh_config.d/50-redhat.conf\r\ndebug2: checking match for 'final all' host tower-cfme.usersys.redhat.com originally tower-cfme.usersys.redhat.com\r\ndebug3: /etc/ssh/ssh_config.d/50-redhat.conf line 3: not matched 'final'\r\ndebug2: match not found\r\ndebug3: /etc/ssh/ssh_config.d/50-redhat.conf line 5: Including file /etc/crypto-policies/back-ends/openssh.config depth 1 (parse only)\r\ndebug1: Reading configuration data /etc/crypto-policies/back-ends/openssh.config\r\ndebug3: gss kex names ok: [gss-curve25519-sha256-,gss-nistp256-sha256-,gss-group14-sha256-,gss-group16-sha512-,gss-gex-sha1-,gss-group14-sha1-,gss-group1-sha1-]\r\ndebug3: kex names ok: [curve25519-sha256,curve25519-sha256@libssh.org,ecdh-sha2-nistp256,ecdh-sha2-nistp384,ecdh-sha2-nistp521,diffie-hellman-group-exchange-sha256,diffie-hellman-group14-sha256,diffie-hellman-group16-sha512,diffie-hellman-group18-sha512,diffie-hellman-group-exchange-sha1,diffie-hellman-group14-sha1,diffie-hellman-group1-sha1]\r\ndebug1: configuration requests final Match pass\r\ndebug1: re-parsing configuration\r\ndebug1: Reading configuration data /home/dluong/.ssh/config\r\ndebug1: /home/dluong/.ssh/config line 1: Applying options for *\r\ndebug1: Reading configuration data /etc/ssh/ssh_config\r\ndebug3: /etc/ssh/ssh_config line 54: Including file /etc/ssh/ssh_config.d/50-redhat.conf depth 0\r\ndebug1: Reading configuration data /etc/ssh/ssh_config.d/50-redhat.conf\r\ndebug2: checking match for 'final all' host tower-cfme.usersys.redhat.com originally tower-cfme.usersys.redhat.com\r\ndebug3: /etc/ssh/ssh_config.d/50-redhat.conf line 3: matched 'final'\r\ndebug2: match found\r\ndebug3: /etc/ssh/ssh_config.d/50-redhat.conf line 5: Including file /etc/crypto-policies/back-ends/openssh.config depth 1\r\ndebug1: Reading configuration data /etc/crypto-policies/back-ends/openssh.config\r\ndebug3: gss kex names ok: [gss-curve25519-sha256-,gss-nistp256-sha256-,gss-group14-sha256-,gss-group16-sha512-,gss-gex-sha1-,gss-group14-sha1-,gss-group1-sha1-]\r\ndebug3: kex names ok: [curve25519-sha256,curve25519-sha256@libssh.org,ecdh-sha2-nistp256,ecdh-sha2-nistp384,ecdh-sha2-nistp521,diffie-hellman-group-exchange-sha256,diffie-hellman-group14-sha256,diffie-hellman-group16-sha512,diffie-hellman-group18-sha512,diffie-hellman-group-exchange-sha1,diffie-hellman-group14-sha1,diffie-hellman-group1-sha1]\r\ndebug1: auto-mux: Trying existing master\r\ndebug2: fd 4 setting O_NONBLOCK\r\ndebug2: mux_client_hello_exchange: master version 4\r\ndebug3: mux_client_forwards: request forwardings: 0 local, 0 remote\r\ndebug3: mux_client_request_session: entering\r\ndebug3: mux_client_request_alive: entering\r\ndebug3: mux_client_request_alive: done pid = 37967\r\ndebug3: mux_client_request_session: session request sent\r\ndebug1: mux_client_request_session: master session id: 2\r\ndebug3: mux_client_read_packet: read header failed: Broken pipe\r\ndebug2: Received exit status from master 0\r\n")
<tower-cfme.usersys.redhat.com> ESTABLISH SSH CONNECTION FOR USER: ansible
<tower-cfme.usersys.redhat.com> SSH: EXEC sshpass -d10 ssh -vvv -C -o ControlMaster=auto -o ControlPersist=60s -o 'User="ansible"' -o ConnectTimeout=10 -o ControlPath=/home/dluong/.ansible/cp/08ef3522c5 tower-cfme.usersys.redhat.com '/bin/sh -c '"'"'/usr/bin/python && sleep 0'"'"''
<tower-cfme.usersys.redhat.com> (0, b'{"osrelease_content": "NAME=\\"Red Hat Enterprise Linux Server\\"\\nVERSION=\\"7.8 (Maipo)\\"\\nID=\\"rhel\\"\\nID_LIKE=\\"fedora\\"\\nVARIANT=\\"Server\\"\\nVARIANT_ID=\\"server\\"\\nVERSION_ID=\\"7.8\\"\\nPRETTY_NAME=\\"OpenShift Enterprise\\"\\nANSI_COLOR=\\"0;31\\"\\nCPE_NAME=\\"cpe:/o:redhat:enterprise_linux:7.8:GA:server\\"\\nHOME_URL=\\"https://www.redhat.com/\\"\\nBUG_REPORT_URL=\\"https://bugzilla.redhat.com/\\"\\n\\nREDHAT_BUGZILLA_PRODUCT=\\"Red Hat Enterprise Linux 7\\"\\nREDHAT_BUGZILLA_PRODUCT_VERSION=7.8\\nREDHAT_SUPPORT_PRODUCT=\\"Red Hat Enterprise Linux\\"\\nREDHAT_SUPPORT_PRODUCT_VERSION=\\"7.8\\"\\n", "platform_dist_result": ["redhat", "7.8", "Maipo"]}\n', b"OpenSSH_8.3p1, OpenSSL 1.1.1i FIPS  8 Dec 2020\r\ndebug1: Reading configuration data /home/dluong/.ssh/config\r\ndebug1: /home/dluong/.ssh/config line 1: Applying options for *\r\ndebug1: Reading configuration data /etc/ssh/ssh_config\r\ndebug3: /etc/ssh/ssh_config line 54: Including file /etc/ssh/ssh_config.d/50-redhat.conf depth 0\r\ndebug1: Reading configuration data /etc/ssh/ssh_config.d/50-redhat.conf\r\ndebug2: checking match for 'final all' host tower-cfme.usersys.redhat.com originally tower-cfme.usersys.redhat.com\r\ndebug3: /etc/ssh/ssh_config.d/50-redhat.conf line 3: not matched 'final'\r\ndebug2: match not found\r\ndebug3: /etc/ssh/ssh_config.d/50-redhat.conf line 5: Including file /etc/crypto-policies/back-ends/openssh.config depth 1 (parse only)\r\ndebug1: Reading configuration data /etc/crypto-policies/back-ends/openssh.config\r\ndebug3: gss kex names ok: [gss-curve25519-sha256-,gss-nistp256-sha256-,gss-group14-sha256-,gss-group16-sha512-,gss-gex-sha1-,gss-group14-sha1-,gss-group1-sha1-]\r\ndebug3: kex names ok: [curve25519-sha256,curve25519-sha256@libssh.org,ecdh-sha2-nistp256,ecdh-sha2-nistp384,ecdh-sha2-nistp521,diffie-hellman-group-exchange-sha256,diffie-hellman-group14-sha256,diffie-hellman-group16-sha512,diffie-hellman-group18-sha512,diffie-hellman-group-exchange-sha1,diffie-hellman-group14-sha1,diffie-hellman-group1-sha1]\r\ndebug1: configuration requests final Match pass\r\ndebug1: re-parsing configuration\r\ndebug1: Reading configuration data /home/dluong/.ssh/config\r\ndebug1: /home/dluong/.ssh/config line 1: Applying options for *\r\ndebug1: Reading configuration data /etc/ssh/ssh_config\r\ndebug3: /etc/ssh/ssh_config line 54: Including file /etc/ssh/ssh_config.d/50-redhat.conf depth 0\r\ndebug1: Reading configuration data /etc/ssh/ssh_config.d/50-redhat.conf\r\ndebug2: checking match for 'final all' host tower-cfme.usersys.redhat.com originally tower-cfme.usersys.redhat.com\r\ndebug3: /etc/ssh/ssh_config.d/50-redhat.conf line 3: matched 'final'\r\ndebug2: match found\r\ndebug3: /etc/ssh/ssh_config.d/50-redhat.conf line 5: Including file /etc/crypto-policies/back-ends/openssh.config depth 1\r\ndebug1: Reading configuration data /etc/crypto-policies/back-ends/openssh.config\r\ndebug3: gss kex names ok: [gss-curve25519-sha256-,gss-nistp256-sha256-,gss-group14-sha256-,gss-group16-sha512-,gss-gex-sha1-,gss-group14-sha1-,gss-group1-sha1-]\r\ndebug3: kex names ok: [curve25519-sha256,curve25519-sha256@libssh.org,ecdh-sha2-nistp256,ecdh-sha2-nistp384,ecdh-sha2-nistp521,diffie-hellman-group-exchange-sha256,diffie-hellman-group14-sha256,diffie-hellman-group16-sha512,diffie-hellman-group18-sha512,diffie-hellman-group-exchange-sha1,diffie-hellman-group14-sha1,diffie-hellman-group1-sha1]\r\ndebug1: auto-mux: Trying existing master\r\ndebug2: fd 4 setting O_NONBLOCK\r\ndebug2: mux_client_hello_exchange: master version 4\r\ndebug3: mux_client_forwards: request forwardings: 0 local, 0 remote\r\ndebug3: mux_client_request_session: entering\r\ndebug3: mux_client_request_alive: entering\r\ndebug3: mux_client_request_alive: done pid = 37967\r\ndebug3: mux_client_request_session: session request sent\r\ndebug1: mux_client_request_session: master session id: 2\r\ndebug3: mux_client_read_packet: read header failed: Broken pipe\r\ndebug2: Received exit status from master 0\r\n")
Using module file /usr/lib/python3.8/site-packages/ansible/modules/system/setup.py
Pipelining is enabled.
<tower-cfme.usersys.redhat.com> ESTABLISH SSH CONNECTION FOR USER: ansible
<tower-cfme.usersys.redhat.com> SSH: EXEC sshpass -d10 ssh -vvv -C -o ControlMaster=auto -o ControlPersist=60s -o 'User="ansible"' -o ConnectTimeout=10 -o ControlPath=/home/dluong/.ansible/cp/08ef3522c5 tower-cfme.usersys.redhat.com '/bin/sh -c '"'"'sudo -H -S -n  -u root /bin/sh -c '"'"'"'"'"'"'"'"'echo BECOME-SUCCESS-pzkovvrluussnjdatjmuycrowoqyzkkx ; /usr/bin/python'"'"'"'"'"'"'"'"' && sleep 0'"'"''
Escalation requires password
fatal: [tower-cfme.usersys.redhat.com]: FAILED! => {
    "msg": "Missing sudo password"
}

PLAY RECAP ************************************************************************************************************************************************************************************************************************************
tower-cfme.usersys.redhat.com : ok=0    changed=0    unreachable=0    failed=1    skipped=0    rescued=0    ignored=0   

